<?xml version="1.0" encoding="UTF-8"?>
<testsuite xmlns:xsi="http://www.w3.org/2001/XMLSchema-instance" xsi:noNamespaceSchemaLocation="https://maven.apache.org/surefire/maven-surefire-plugin/xsd/surefire-test-report.xsd" name="com.talentica.arangodb2.TransactionManagerTest" time="1.468" tests="4" errors="0" skipped="0" failures="0">
  <properties>
[...]
</properties>
  <testcase name="testTransactionSuccess" classname="com.talentica.arangodb2.TransactionManagerTest" time="1.057"/>
  <testcase name="testTransactionFailure" classname="com.talentica.arangodb2.TransactionManagerTest" time="0.155"/>
  <testcase name="testOptimisticLocking" classname="com.talentica.arangodb2.TransactionManagerTest" time="0.158"/>
  <testcase name="testOptimisticLockingSuccess" classname="com.talentica.arangodb2.TransactionManagerTest" time="0.091"/>
</testsuite>